Using pre-set license

 COMMAND LINE ARGUMENTS:
/Applications/Unity/Hub/Editor/2020.3.0f1/Unity.app/Contents/MacOS/Unity
-adb2
-batchMode
-noUpm
-name
AssetImportWorker0
-projectPath
/Users/elenalalala/Desktop/equity-ar-master copy/equity-ar/Equity-AR
-logFile
Logs/AssetImportWorker0.log
-srvPort
51453
Successfully changed project path to: /Users/elenalalala/Desktop/equity-ar-master copy/equity-ar/Equity-AR
/Users/elenalalala/Desktop/equity-ar-master copy/equity-ar/Equity-AR
Using Asset Import Pipeline V2.
Refreshing native plugins compatible for Editor in 88.13 ms, found 3 plugins.
Preloading 0 native plugins for Editor in 0.00 ms.
Initialize engine version: 2020.3.0f1 (c7b5465681fb)
[Subsystems] Discovering subsystems at path /Applications/Unity/Hub/Editor/2020.3.0f1/Unity.app/Contents/Resources/UnitySubsystems
[Subsystems] Discovering subsystems at path /Users/elenalalala/Desktop/equity-ar-master copy/equity-ar/Equity-AR/Assets
GfxDevice: creating device client; threaded=0
2022-07-22 17:19:57.124 Unity[30783:407106] (null) preferred device: Apple M1 Pro (high power)
2022-07-22 17:19:57.124 Unity[30783:407106] Metal devices available: 1
2022-07-22 17:19:57.124 Unity[30783:407106] 0: Apple M1 Pro (high power)
2022-07-22 17:19:57.124 Unity[30783:407106] Using device Apple M1 Pro (high power)
Initializing Metal device caps: Apple M1 Pro
Initialize mono
Mono path[0] = '/Applications/Unity/Hub/Editor/2020.3.0f1/Unity.app/Contents/Managed'
Mono path[1] = '/Applications/Unity/Hub/Editor/2020.3.0f1/Unity.app/Contents/MonoBleedingEdge/lib/mono/unityjit'
Mono config path = '/Applications/Unity/Hub/Editor/2020.3.0f1/Unity.app/Contents/MonoBleedingEdge/etc'
Using monoOptions --debugger-agent=transport=dt_socket,embedding=1,server=y,suspend=n,address=127.0.0.1:56783
Begin MonoManager ReloadAssembly
Registering precompiled unity dll's ...
Register platform support module: /Applications/Unity/Hub/Editor/2020.3.0f1/Unity.app/Contents/PlaybackEngines/MacStandaloneSupport/UnityEditor.OSXStandalone.Extensions.dll
Registered in 0.000343 seconds.
Native extension for OSXStandalone target not found
Refreshing native plugins compatible for Editor in 75.38 ms, found 3 plugins.
Preloading 0 native plugins for Editor in 0.00 ms.
Invoked RoslynAnalysisRunner static constructor.
RoslynAnalysisRunner will not be running.
RoslynAnalysisRunner has terminated.
Mono: successfully reloaded assembly
- Completed reload, in  1.940 seconds
Platform modules already initialized, skipping
Registering precompiled user dll's ...
Registered in 0.002534 seconds.
Begin MonoManager ReloadAssembly
Native extension for OSXStandalone target not found
Refreshing native plugins compatible for Editor in 77.55 ms, found 3 plugins.
Preloading 0 native plugins for Editor in 0.00 ms.
Invoked RoslynAnalysisRunner static constructor.
RoslynAnalysisRunner will not be running.
RoslynAnalysisRunner has terminated.
Mono: successfully reloaded assembly
- Completed reload, in  2.379 seconds
Platform modules already initialized, skipping
========================================================================
Worker process is ready to serve import requests
Launching external process: /Applications/Unity/Hub/Editor/2020.3.0f1/Unity.app/Contents/Tools/UnityShaderCompiler
Launched and connected shader compiler UnityShaderCompiler after 0.03 seconds
Refreshing native plugins compatible for Editor in 1.45 ms, found 3 plugins.
Preloading 0 native plugins for Editor in 0.00 ms.
Unloading 3318 Unused Serialized files (Serialized files now loaded: 0)
System memory in use before: 210.2 MB.
System memory in use after: 210.4 MB.

Unloading 152 unused Assets to reduce memory usage. Loaded Objects now: 3644.
Total: 1.947042 ms (FindLiveObjects: 0.294708 ms CreateObjectMapping: 0.085541 ms MarkObjects: 1.425334 ms  DeleteObjects: 0.140584 ms)

========================================================================
Received Import Request.
  path: Assets/Scripts/Switcher.cs
  artifactKey: Guid(05956bab3b40e431cb52426e35f83890) Importer(815301076,1909f56bfc062723c751e8b465ee728b)
Start importing Assets/Scripts/Switcher.cs using Guid(05956bab3b40e431cb52426e35f83890) Importer(815301076,1909f56bfc062723c751e8b465ee728b)  -> (artifact id: '173eda1654a2fee87568acb3427eaf0e') in 0.866344 seconds
  Import took 0.870503 seconds .

========================================================================
Received Prepare
Registering precompiled user dll's ...
Registered in 0.004462 seconds.
Begin MonoManager ReloadAssembly
Native extension for OSXStandalone target not found
Refreshing native plugins compatible for Editor in 1.57 ms, found 3 plugins.
Preloading 0 native plugins for Editor in 0.00 ms.
Invoked RoslynAnalysisRunner static constructor.
RoslynAnalysisRunner will not be running.
RoslynAnalysisRunner has terminated.
Mono: successfully reloaded assembly
- Completed reload, in  2.045 seconds
Platform modules already initialized, skipping
Switching build target platform(2) subTarget(0) extendedPlatform(0) -> platform(9) subTarget(16777218) extendedPlatform(0)
Refreshing native plugins compatible for Editor in 1.49 ms, found 3 plugins.
Preloading 0 native plugins for Editor in 0.00 ms.
Unloading 3275 Unused Serialized files (Serialized files now loaded: 0)
System memory in use before: 208.5 MB.
System memory in use after: 208.7 MB.

Unloading 143 unused Assets to reduce memory usage. Loaded Objects now: 3648.
Total: 1.836042 ms (FindLiveObjects: 0.293083 ms CreateObjectMapping: 0.101458 ms MarkObjects: 1.369292 ms  DeleteObjects: 0.070917 ms)

AssetImportParameters requested are different than current active one (requested -> active):
  custom:graphics/normal-map-encoding: 01000000000000000000000000000000 -> 02000000000000000000000000000000
========================================================================
Received Import Request.
  Time since last request: 3827.357390 seconds.
  path: Assets/Scripts/Switcher.cs
  artifactKey: Guid(05956bab3b40e431cb52426e35f83890) Importer(815301076,1909f56bfc062723c751e8b465ee728b)
Start importing Assets/Scripts/Switcher.cs using Guid(05956bab3b40e431cb52426e35f83890) Importer(815301076,1909f56bfc062723c751e8b465ee728b)  -> (artifact id: '9d2b44ebdcac16602f4f60e8e5cc74f6') in 0.009648 seconds
  Import took 0.013564 seconds .

========================================================================
Received Prepare
Registering precompiled user dll's ...
Registered in 0.002607 seconds.
Begin MonoManager ReloadAssembly
Native extension for OSXStandalone target not found
Refreshing native plugins compatible for Editor in 1.47 ms, found 3 plugins.
Preloading 0 native plugins for Editor in 0.00 ms.
Invoked RoslynAnalysisRunner static constructor.
RoslynAnalysisRunner will not be running.
RoslynAnalysisRunner has terminated.
Mono: successfully reloaded assembly
- Completed reload, in  2.135 seconds
Platform modules already initialized, skipping
Switching build target platform(2) subTarget(0) extendedPlatform(0) -> platform(9) subTarget(16777218) extendedPlatform(0)
Refreshing native plugins compatible for Editor in 1.55 ms, found 3 plugins.
Preloading 0 native plugins for Editor in 0.00 ms.
Unloading 3275 Unused Serialized files (Serialized files now loaded: 0)
System memory in use before: 208.8 MB.
System memory in use after: 209.0 MB.

Unloading 143 unused Assets to reduce memory usage. Loaded Objects now: 3652.
Total: 1.856250 ms (FindLiveObjects: 0.311333 ms CreateObjectMapping: 0.101917 ms MarkObjects: 1.367500 ms  DeleteObjects: 0.074500 ms)

AssetImportParameters requested are different than current active one (requested -> active):
  custom:graphics/normal-map-encoding: 01000000000000000000000000000000 -> 02000000000000000000000000000000
========================================================================
Received Prepare
Refreshing native plugins compatible for Editor in 26.11 ms, found 3 plugins.
Preloading 0 native plugins for Editor in 0.00 ms.
Unloading 140 Unused Serialized files (Serialized files now loaded: 0)
System memory in use before: 150.2 MB.
System memory in use after: 150.4 MB.

Unloading 140 unused Assets to reduce memory usage. Loaded Objects now: 3652.
Total: 1.787667 ms (FindLiveObjects: 0.323708 ms CreateObjectMapping: 0.097209 ms MarkObjects: 1.296791 ms  DeleteObjects: 0.069166 ms)

========================================================================
Received Prepare
Refreshing native plugins compatible for Editor in 27.95 ms, found 3 plugins.
Preloading 0 native plugins for Editor in 0.00 ms.
Unloading 140 Unused Serialized files (Serialized files now loaded: 0)
System memory in use before: 150.3 MB.
System memory in use after: 150.5 MB.

Unloading 140 unused Assets to reduce memory usage. Loaded Objects now: 3652.
Total: 6.468708 ms (FindLiveObjects: 0.514542 ms CreateObjectMapping: 0.103791 ms MarkObjects: 5.739042 ms  DeleteObjects: 0.110375 ms)

